[0.509s] Invoking command in '/Users/czh/Documents/coding/penn/pennair/software team app/ros2_ws/robostack': CONDA_ENV_SHLVL_2_PIXI_PROMPT=(robostack:humble) CONDA_ENV_SHLVL_3_PIXI_PROMPT=(robostack:humble) PIXI_PROMPT=(robostack:humble) PYTHONPATH=/Users/czh/Documents/coding/penn/pennair/software team app/ros2_ws/robostack/build/robostack/prefix_override:/Users/czh/Documents/coding/penn/pennair/software team app/ros2_ws/robostack/.pixi/envs/humble/lib/python3.11/site-packages/colcon_core/task/python/colcon_distutils_commands:/Users/czh/Documents/coding/penn/pennair/software team app/ros2_ws/robostack/install/robostack/lib/python3.11/site-packages: SHLVL=5 _=/usr/bin/env /Users/czh/Documents/coding/penn/pennair/software team app/ros2_ws/robostack/.pixi/envs/humble/bin/python3.11 -W ignore:setup.py install is deprecated -W ignore:easy_install command is deprecated setup.py egg_info --egg-base build/robostack build --build-base /Users/czh/Documents/coding/penn/pennair/software team app/ros2_ws/robostack/build/robostack/build install --record /Users/czh/Documents/coding/penn/pennair/software team app/ros2_ws/robostack/build/robostack/install.log --single-version-externally-managed
[0.585s] /Users/czh/Documents/coding/penn/pennair/software team app/ros2_ws/robostack/.pixi/envs/humble/lib/python3.11/site-packages/setuptools/_distutils/dist.py:289: UserWarning: Unknown distribution option: 'tests_require'
[0.585s]   warnings.warn(msg)
[0.615s] running egg_info
[0.620s] creating build/robostack/robostack.egg-info
[0.620s] writing build/robostack/robostack.egg-info/PKG-INFO
[0.621s] writing dependency_links to build/robostack/robostack.egg-info/dependency_links.txt
[0.621s] writing entry points to build/robostack/robostack.egg-info/entry_points.txt
[0.621s] writing requirements to build/robostack/robostack.egg-info/requires.txt
[0.621s] writing top-level names to build/robostack/robostack.egg-info/top_level.txt
[0.621s] writing manifest file 'build/robostack/robostack.egg-info/SOURCES.txt'
[0.633s] reading manifest file 'build/robostack/robostack.egg-info/SOURCES.txt'
[0.634s] writing manifest file 'build/robostack/robostack.egg-info/SOURCES.txt'
[0.634s] running build
[0.634s] running build_py
[0.634s] creating /Users/czh/Documents/coding/penn/pennair/software team app/ros2_ws/robostack/build/robostack/build/lib/robostack
[0.634s] copying robostack/shape_detection_node.py -> /Users/czh/Documents/coding/penn/pennair/software team app/ros2_ws/robostack/build/robostack/build/lib/robostack
[0.635s] copying robostack/__init__.py -> /Users/czh/Documents/coding/penn/pennair/software team app/ros2_ws/robostack/build/robostack/build/lib/robostack
[0.635s] copying robostack/video_streamer_node.py -> /Users/czh/Documents/coding/penn/pennair/software team app/ros2_ws/robostack/build/robostack/build/lib/robostack
[0.635s] running install
[0.638s] running install_lib
[0.644s] creating /Users/czh/Documents/coding/penn/pennair/software team app/ros2_ws/robostack/install/robostack/lib/python3.11/site-packages/robostack
[0.644s] copying /Users/czh/Documents/coding/penn/pennair/software team app/ros2_ws/robostack/build/robostack/build/lib/robostack/shape_detection_node.py -> /Users/czh/Documents/coding/penn/pennair/software team app/ros2_ws/robostack/install/robostack/lib/python3.11/site-packages/robostack
[0.644s] copying /Users/czh/Documents/coding/penn/pennair/software team app/ros2_ws/robostack/build/robostack/build/lib/robostack/__init__.py -> /Users/czh/Documents/coding/penn/pennair/software team app/ros2_ws/robostack/install/robostack/lib/python3.11/site-packages/robostack
[0.644s] copying /Users/czh/Documents/coding/penn/pennair/software team app/ros2_ws/robostack/build/robostack/build/lib/robostack/video_streamer_node.py -> /Users/czh/Documents/coding/penn/pennair/software team app/ros2_ws/robostack/install/robostack/lib/python3.11/site-packages/robostack
[0.644s] byte-compiling /Users/czh/Documents/coding/penn/pennair/software team app/ros2_ws/robostack/install/robostack/lib/python3.11/site-packages/robostack/shape_detection_node.py to shape_detection_node.cpython-311.pyc
[0.645s] byte-compiling /Users/czh/Documents/coding/penn/pennair/software team app/ros2_ws/robostack/install/robostack/lib/python3.11/site-packages/robostack/__init__.py to __init__.cpython-311.pyc
[0.645s] byte-compiling /Users/czh/Documents/coding/penn/pennair/software team app/ros2_ws/robostack/install/robostack/lib/python3.11/site-packages/robostack/video_streamer_node.py to video_streamer_node.cpython-311.pyc
[0.646s] running install_egg_info
[0.653s] Copying build/robostack/robostack.egg-info to /Users/czh/Documents/coding/penn/pennair/software team app/ros2_ws/robostack/install/robostack/lib/python3.11/site-packages/robostack-0.0.1-py3.11.egg-info
[0.654s] running install_scripts
[0.702s] Installing shape_detection_node script to /Users/czh/Documents/coding/penn/pennair/software team app/ros2_ws/robostack/install/robostack/bin
[0.702s] Installing video_streamer_node script to /Users/czh/Documents/coding/penn/pennair/software team app/ros2_ws/robostack/install/robostack/bin
[0.702s] writing list of installed files to '/Users/czh/Documents/coding/penn/pennair/software team app/ros2_ws/robostack/build/robostack/install.log'
[0.717s] Invoked command in '/Users/czh/Documents/coding/penn/pennair/software team app/ros2_ws/robostack' returned '0': CONDA_ENV_SHLVL_2_PIXI_PROMPT=(robostack:humble) CONDA_ENV_SHLVL_3_PIXI_PROMPT=(robostack:humble) PIXI_PROMPT=(robostack:humble) PYTHONPATH=/Users/czh/Documents/coding/penn/pennair/software team app/ros2_ws/robostack/build/robostack/prefix_override:/Users/czh/Documents/coding/penn/pennair/software team app/ros2_ws/robostack/.pixi/envs/humble/lib/python3.11/site-packages/colcon_core/task/python/colcon_distutils_commands:/Users/czh/Documents/coding/penn/pennair/software team app/ros2_ws/robostack/install/robostack/lib/python3.11/site-packages: SHLVL=5 _=/usr/bin/env /Users/czh/Documents/coding/penn/pennair/software team app/ros2_ws/robostack/.pixi/envs/humble/bin/python3.11 -W ignore:setup.py install is deprecated -W ignore:easy_install command is deprecated setup.py egg_info --egg-base build/robostack build --build-base /Users/czh/Documents/coding/penn/pennair/software team app/ros2_ws/robostack/build/robostack/build install --record /Users/czh/Documents/coding/penn/pennair/software team app/ros2_ws/robostack/build/robostack/install.log --single-version-externally-managed
