[0.087s] [34mcolcon[0m [1;30mDEBUG[0m [32mCommand line arguments: ['/Users/czh/Documents/coding/penn/pennair/software team app/ros2_ws/robostack/.pixi/envs/humble/bin/colcon', 'build'][0m
[0.087s] [34mcolcon[0m [1;30mDEBUG[0m [32mParsed command line arguments: Namespace(log_base=None, log_level=None, verb_name='build', build_base='build', install_base='install', merge_install=False, symlink_install=False, test_result_base=None, continue_on_error=False, executor='parallel', parallel_workers=14, event_handlers=None, ignore_user_meta=False, metas=['./colcon.meta'], base_paths=['.'], packages_ignore=None, packages_ignore_regex=None, paths=None, packages_up_to=None, packages_up_to_regex=None, packages_above=None, packages_above_and_dependencies=None, packages_above_depth=None, packages_select_by_dep=None, packages_skip_by_dep=None, packages_skip_up_to=None, packages_select_build_failed=False, packages_skip_build_finished=False, packages_select_test_failures=False, packages_skip_test_passed=False, packages_select=None, packages_skip=None, packages_select_regex=None, packages_skip_regex=None, packages_start=None, packages_end=None, cmake_args=None, cmake_target=None, cmake_target_skip_unavailable=False, cmake_clean_cache=False, cmake_clean_first=False, cmake_force_configure=False, ament_cmake_args=None, catkin_cmake_args=None, catkin_skip_building_tests=False, verb_parser=<colcon_defaults.argument_parser.defaults.DefaultArgumentsDecorator object at 0x105c69090>, verb_extension=<colcon_core.verb.build.BuildVerb object at 0x105bb8890>, main=<bound method BuildVerb.main of <colcon_core.verb.build.BuildVerb object at 0x105bb8890>>)[0m
[0.126s] [34mcolcon.colcon_core.package_discovery[0m [1;30mLevel 1[0m discover_packages(colcon_meta) check parameters
[0.126s] [34mcolcon.colcon_core.package_discovery[0m [1;30mLevel 1[0m discover_packages(recursive) check parameters
[0.126s] [34mcolcon.colcon_core.package_discovery[0m [1;30mLevel 1[0m discover_packages(ignore) check parameters
[0.126s] [34mcolcon.colcon_core.package_discovery[0m [1;30mLevel 1[0m discover_packages(path) check parameters
[0.126s] [34mcolcon.colcon_core.package_discovery[0m [1;30mLevel 1[0m discover_packages(colcon_meta) discover
[0.126s] [34mcolcon.colcon_core.package_discovery[0m [1;30mLevel 1[0m discover_packages(recursive) discover
[0.126s] [34mcolcon.colcon_core.package_discovery[0m [1;30mINFO[0m Crawling recursively for packages in '/Users/czh/Documents/coding/penn/pennair/software team app/ros2_ws/robostack'
[0.126s] [34mcolcon.colcon_core.package_identification[0m [1;30mLevel 1[0m _identify(.) by extensions ['ignore', 'ignore_ament_install']
[0.126s] [34mcolcon.colcon_core.package_identification[0m [1;30mLevel 1[0m _identify(.) by extension 'ignore'
[0.126s] [34mcolcon.colcon_core.package_identification[0m [1;30mLevel 1[0m _identify(.) by extension 'ignore_ament_install'
[0.126s] [34mcolcon.colcon_core.package_identification[0m [1;30mLevel 1[0m _identify(.) by extensions ['colcon_pkg']
[0.126s] [34mcolcon.colcon_core.package_identification[0m [1;30mLevel 1[0m _identify(.) by extension 'colcon_pkg'
[0.126s] [34mcolcon.colcon_core.package_identification[0m [1;30mLevel 1[0m _identify(.) by extensions ['colcon_meta']
[0.126s] [34mcolcon.colcon_core.package_identification[0m [1;30mLevel 1[0m _identify(.) by extension 'colcon_meta'
[0.126s] [34mcolcon.colcon_core.package_identification[0m [1;30mLevel 1[0m _identify(.) by extensions ['ros']
[0.126s] [34mcolcon.colcon_core.package_identification[0m [1;30mLevel 1[0m _identify(.) by extension 'ros'
[0.144s] [34mcolcon.colcon_core.package_identification[0m [1;30mDEBUG[0m [32mFailed to parse potential ROS package manifest in'.': Error(s) in package './package.xml':
The manifest contains invalid XML:
no element found: line 1, column 0[0m
[0.144s] [34mcolcon.colcon_core.package_identification[0m [1;30mLevel 1[0m _identify(.) by extensions ['cmake', 'python']
[0.144s] [34mcolcon.colcon_core.package_identification[0m [1;30mLevel 1[0m _identify(.) by extension 'cmake'
[0.144s] [34mcolcon.colcon_core.package_identification[0m [1;30mLevel 1[0m _identify(.) by extension 'python'
[0.144s] [34mcolcon.colcon_core.package_identification[0m [1;30mLevel 1[0m _identify(.) by extensions ['python_setup_py']
[0.144s] [34mcolcon.colcon_core.package_identification[0m [1;30mLevel 1[0m _identify(.) by extension 'python_setup_py'
[0.239s] [34mcolcon.colcon_core.package_identification[0m [1;30mDEBUG[0m [32mPackage '.' with type 'python' and name 'robostack'[0m
[0.239s] [34mcolcon.colcon_core.package_discovery[0m [1;30mLevel 1[0m discover_packages(recursive) using defaults
[0.239s] [34mcolcon.colcon_core.package_discovery[0m [1;30mLevel 1[0m discover_packages(ignore) discover
[0.239s] [34mcolcon.colcon_core.package_discovery[0m [1;30mLevel 1[0m discover_packages(ignore) using defaults
[0.239s] [34mcolcon.colcon_core.package_discovery[0m [1;30mLevel 1[0m discover_packages(path) discover
[0.239s] [34mcolcon.colcon_core.package_discovery[0m [1;30mLevel 1[0m discover_packages(path) using defaults
[0.252s] [34mcolcon.colcon_core.verb[0m [1;30mLevel 5[0m set package 'robostack' build argument 'cmake_args' from command line to 'None'
[0.252s] [34mcolcon.colcon_core.verb[0m [1;30mLevel 5[0m set package 'robostack' build argument 'cmake_target' from command line to 'None'
[0.252s] [34mcolcon.colcon_core.verb[0m [1;30mLevel 5[0m set package 'robostack' build argument 'cmake_target_skip_unavailable' from command line to 'False'
[0.252s] [34mcolcon.colcon_core.verb[0m [1;30mLevel 5[0m set package 'robostack' build argument 'cmake_clean_cache' from command line to 'False'
[0.252s] [34mcolcon.colcon_core.verb[0m [1;30mLevel 5[0m set package 'robostack' build argument 'cmake_clean_first' from command line to 'False'
[0.252s] [34mcolcon.colcon_core.verb[0m [1;30mLevel 5[0m set package 'robostack' build argument 'cmake_force_configure' from command line to 'False'
[0.252s] [34mcolcon.colcon_core.verb[0m [1;30mLevel 5[0m set package 'robostack' build argument 'ament_cmake_args' from command line to 'None'
[0.252s] [34mcolcon.colcon_core.verb[0m [1;30mLevel 5[0m set package 'robostack' build argument 'catkin_cmake_args' from command line to 'None'
[0.252s] [34mcolcon.colcon_core.verb[0m [1;30mLevel 5[0m set package 'robostack' build argument 'catkin_skip_building_tests' from command line to 'False'
[0.252s] [34mcolcon.colcon_core.verb[0m [1;30mDEBUG[0m [32mBuilding package 'robostack' with the following arguments: {'ament_cmake_args': None, 'build_base': '/Users/czh/Documents/coding/penn/pennair/software team app/ros2_ws/robostack/build/robostack', 'catkin_cmake_args': None, 'catkin_skip_building_tests': False, 'cmake_args': None, 'cmake_clean_cache': False, 'cmake_clean_first': False, 'cmake_force_configure': False, 'cmake_target': None, 'cmake_target_skip_unavailable': False, 'install_base': '/Users/czh/Documents/coding/penn/pennair/software team app/ros2_ws/robostack/install/robostack', 'merge_install': False, 'path': '/Users/czh/Documents/coding/penn/pennair/software team app/ros2_ws/robostack', 'symlink_install': False, 'test_result_base': None}[0m
[0.252s] [34mcolcon.colcon_core.executor[0m [1;30mINFO[0m Executing jobs using 'parallel' executor
[0.253s] [34mcolcon.colcon_parallel_executor.executor.parallel[0m [1;30mDEBUG[0m [32mrun_until_complete[0m
[0.253s] [34mcolcon.colcon_core.task.python.build[0m [1;30mINFO[0m Building Python package in '/Users/czh/Documents/coding/penn/pennair/software team app/ros2_ws/robostack'
[0.256s] [34mcolcon.colcon_core.plugin_system[0m [1;30mINFO[0m Skipping extension 'colcon_core.shell.bat': Not used on non-Windows systems
[0.256s] [34mcolcon.colcon_core.shell[0m [1;30mINFO[0m Skip shell extension 'powershell' for command environment: Not usable outside of PowerShell
[0.256s] [34mcolcon.colcon_core.shell[0m [1;30mDEBUG[0m [32mSkip shell extension 'dsv' for command environment[0m
[0.762s] [34mcolcon.colcon_core.event_handler.log_command[0m [1;30mDEBUG[0m [32mInvoking command in '/Users/czh/Documents/coding/penn/pennair/software team app/ros2_ws/robostack': CONDA_ENV_SHLVL_2_PIXI_PROMPT=(robostack:humble) CONDA_ENV_SHLVL_3_PIXI_PROMPT=(robostack:humble) PIXI_PROMPT=(robostack:humble) PYTHONPATH=/Users/czh/Documents/coding/penn/pennair/software team app/ros2_ws/robostack/build/robostack/prefix_override:/Users/czh/Documents/coding/penn/pennair/software team app/ros2_ws/robostack/.pixi/envs/humble/lib/python3.11/site-packages/colcon_core/task/python/colcon_distutils_commands:/Users/czh/Documents/coding/penn/pennair/software team app/ros2_ws/robostack/install/robostack/lib/python3.11/site-packages: SHLVL=5 _=/usr/bin/env /Users/czh/Documents/coding/penn/pennair/software team app/ros2_ws/robostack/.pixi/envs/humble/bin/python3.11 -W ignore:setup.py install is deprecated -W ignore:easy_install command is deprecated setup.py egg_info --egg-base build/robostack build --build-base /Users/czh/Documents/coding/penn/pennair/software team app/ros2_ws/robostack/build/robostack/build install --record /Users/czh/Documents/coding/penn/pennair/software team app/ros2_ws/robostack/build/robostack/install.log --single-version-externally-managed[0m
[0.970s] [34mcolcon.colcon_core.event_handler.log_command[0m [1;30mDEBUG[0m [32mInvoked command in '/Users/czh/Documents/coding/penn/pennair/software team app/ros2_ws/robostack' returned '0': CONDA_ENV_SHLVL_2_PIXI_PROMPT=(robostack:humble) CONDA_ENV_SHLVL_3_PIXI_PROMPT=(robostack:humble) PIXI_PROMPT=(robostack:humble) PYTHONPATH=/Users/czh/Documents/coding/penn/pennair/software team app/ros2_ws/robostack/build/robostack/prefix_override:/Users/czh/Documents/coding/penn/pennair/software team app/ros2_ws/robostack/.pixi/envs/humble/lib/python3.11/site-packages/colcon_core/task/python/colcon_distutils_commands:/Users/czh/Documents/coding/penn/pennair/software team app/ros2_ws/robostack/install/robostack/lib/python3.11/site-packages: SHLVL=5 _=/usr/bin/env /Users/czh/Documents/coding/penn/pennair/software team app/ros2_ws/robostack/.pixi/envs/humble/bin/python3.11 -W ignore:setup.py install is deprecated -W ignore:easy_install command is deprecated setup.py egg_info --egg-base build/robostack build --build-base /Users/czh/Documents/coding/penn/pennair/software team app/ros2_ws/robostack/build/robostack/build install --record /Users/czh/Documents/coding/penn/pennair/software team app/ros2_ws/robostack/build/robostack/install.log --single-version-externally-managed[0m
[0.977s] [34mcolcon.colcon_core.environment[0m [1;30mLevel 1[0m checking '/Users/czh/Documents/coding/penn/pennair/software team app/ros2_ws/robostack/install/robostack' for CMake module files
[0.977s] [34mcolcon.colcon_core.environment[0m [1;30mLevel 1[0m checking '/Users/czh/Documents/coding/penn/pennair/software team app/ros2_ws/robostack/install/robostack' for CMake config files
[0.977s] [34mcolcon.colcon_core.environment[0m [1;30mLevel 1[0m checking '/Users/czh/Documents/coding/penn/pennair/software team app/ros2_ws/robostack/install/robostack/lib'
[0.977s] [34mcolcon.colcon_core.environment[0m [1;30mLevel 1[0m checking '/Users/czh/Documents/coding/penn/pennair/software team app/ros2_ws/robostack/install/robostack/bin'
[0.977s] [34mcolcon.colcon_core.shell[0m [1;30mLevel 1[0m create_environment_hook('robostack', 'path')
[0.978s] [34mcolcon.colcon_core.shell[0m [1;30mINFO[0m Creating environment hook '/Users/czh/Documents/coding/penn/pennair/software team app/ros2_ws/robostack/install/robostack/share/robostack/hook/path.ps1'
[0.978s] [34mcolcon.colcon_core.shell[0m [1;30mINFO[0m Creating environment descriptor '/Users/czh/Documents/coding/penn/pennair/software team app/ros2_ws/robostack/install/robostack/share/robostack/hook/path.dsv'
[0.979s] [34mcolcon.colcon_core.shell[0m [1;30mINFO[0m Creating environment hook '/Users/czh/Documents/coding/penn/pennair/software team app/ros2_ws/robostack/install/robostack/share/robostack/hook/path.sh'
[0.980s] [34mcolcon.colcon_core.environment[0m [1;30mLevel 1[0m checking '/Users/czh/Documents/coding/penn/pennair/software team app/ros2_ws/robostack/install/robostack/lib/pkgconfig/robostack.pc'
[0.980s] [34mcolcon.colcon_core.environment[0m [1;30mLevel 1[0m checking '/Users/czh/Documents/coding/penn/pennair/software team app/ros2_ws/robostack/install/robostack/lib/python3.11/site-packages'
[0.980s] [34mcolcon.colcon_core.shell[0m [1;30mLevel 1[0m create_environment_hook('robostack', 'pythonpath')
[0.980s] [34mcolcon.colcon_core.shell[0m [1;30mINFO[0m Creating environment hook '/Users/czh/Documents/coding/penn/pennair/software team app/ros2_ws/robostack/install/robostack/share/robostack/hook/pythonpath.ps1'
[0.980s] [34mcolcon.colcon_core.shell[0m [1;30mINFO[0m Creating environment descriptor '/Users/czh/Documents/coding/penn/pennair/software team app/ros2_ws/robostack/install/robostack/share/robostack/hook/pythonpath.dsv'
[0.981s] [34mcolcon.colcon_core.shell[0m [1;30mINFO[0m Creating environment hook '/Users/czh/Documents/coding/penn/pennair/software team app/ros2_ws/robostack/install/robostack/share/robostack/hook/pythonpath.sh'
[0.981s] [34mcolcon.colcon_core.environment[0m [1;30mLevel 1[0m checking '/Users/czh/Documents/coding/penn/pennair/software team app/ros2_ws/robostack/install/robostack/bin'
[0.981s] [34mcolcon.colcon_core.shell[0m [1;30mLevel 1[0m create_environment_hook('robostack', 'pythonscriptspath')
[0.981s] [34mcolcon.colcon_core.shell[0m [1;30mINFO[0m Creating environment hook '/Users/czh/Documents/coding/penn/pennair/software team app/ros2_ws/robostack/install/robostack/share/robostack/hook/pythonscriptspath.ps1'
[0.981s] [34mcolcon.colcon_core.shell[0m [1;30mINFO[0m Creating environment descriptor '/Users/czh/Documents/coding/penn/pennair/software team app/ros2_ws/robostack/install/robostack/share/robostack/hook/pythonscriptspath.dsv'
[0.981s] [34mcolcon.colcon_core.shell[0m [1;30mINFO[0m Creating environment hook '/Users/czh/Documents/coding/penn/pennair/software team app/ros2_ws/robostack/install/robostack/share/robostack/hook/pythonscriptspath.sh'
[0.982s] [34mcolcon.colcon_core.environment[0m [1;30mLevel 1[0m create_environment_scripts_only(robostack)
[0.982s] [34mcolcon.colcon_core.shell[0m [1;30mINFO[0m Creating package script '/Users/czh/Documents/coding/penn/pennair/software team app/ros2_ws/robostack/install/robostack/share/robostack/package.ps1'
[0.982s] [34mcolcon.colcon_core.shell[0m [1;30mINFO[0m Creating package descriptor '/Users/czh/Documents/coding/penn/pennair/software team app/ros2_ws/robostack/install/robostack/share/robostack/package.dsv'
[0.983s] [34mcolcon.colcon_core.shell[0m [1;30mINFO[0m Creating package script '/Users/czh/Documents/coding/penn/pennair/software team app/ros2_ws/robostack/install/robostack/share/robostack/package.sh'
[0.983s] [34mcolcon.colcon_core.shell[0m [1;30mINFO[0m Creating package script '/Users/czh/Documents/coding/penn/pennair/software team app/ros2_ws/robostack/install/robostack/share/robostack/package.bash'
[0.984s] [34mcolcon.colcon_core.shell[0m [1;30mINFO[0m Creating package script '/Users/czh/Documents/coding/penn/pennair/software team app/ros2_ws/robostack/install/robostack/share/robostack/package.zsh'
[0.984s] [34mcolcon.colcon_core.environment[0m [1;30mLevel 1[0m create_file_with_runtime_dependencies(/Users/czh/Documents/coding/penn/pennair/software team app/ros2_ws/robostack/install/robostack/share/colcon-core/packages/robostack)
[0.985s] [34mcolcon.colcon_parallel_executor.executor.parallel[0m [1;30mDEBUG[0m [32mclosing loop[0m
[0.985s] [34mcolcon.colcon_parallel_executor.executor.parallel[0m [1;30mDEBUG[0m [32mloop closed[0m
[0.985s] [34mcolcon.colcon_parallel_executor.executor.parallel[0m [1;30mDEBUG[0m [32mrun_until_complete finished with '0'[0m
[0.985s] [34mcolcon.colcon_core.event_reactor[0m [1;30mDEBUG[0m [32mjoining thread[0m
[0.986s] [34mcolcon.colcon_core.event_reactor[0m [1;30mDEBUG[0m [32mjoined thread[0m
[0.986s] [34mcolcon.colcon_core.shell[0m [1;30mINFO[0m Creating prefix script '/Users/czh/Documents/coding/penn/pennair/software team app/ros2_ws/robostack/install/local_setup.ps1'
[0.986s] [34mcolcon.colcon_core.shell[0m [1;30mINFO[0m Creating prefix util module '/Users/czh/Documents/coding/penn/pennair/software team app/ros2_ws/robostack/install/_local_setup_util_ps1.py'
[0.987s] [34mcolcon.colcon_core.shell[0m [1;30mINFO[0m Creating prefix chain script '/Users/czh/Documents/coding/penn/pennair/software team app/ros2_ws/robostack/install/setup.ps1'
[0.987s] [34mcolcon.colcon_core.shell[0m [1;30mINFO[0m Creating prefix script '/Users/czh/Documents/coding/penn/pennair/software team app/ros2_ws/robostack/install/local_setup.sh'
[0.988s] [34mcolcon.colcon_core.shell[0m [1;30mINFO[0m Creating prefix util module '/Users/czh/Documents/coding/penn/pennair/software team app/ros2_ws/robostack/install/_local_setup_util_sh.py'
[0.988s] [34mcolcon.colcon_core.shell[0m [1;30mINFO[0m Creating prefix chain script '/Users/czh/Documents/coding/penn/pennair/software team app/ros2_ws/robostack/install/setup.sh'
[0.989s] [34mcolcon.colcon_core.shell[0m [1;30mINFO[0m Creating prefix script '/Users/czh/Documents/coding/penn/pennair/software team app/ros2_ws/robostack/install/local_setup.bash'
[0.989s] [34mcolcon.colcon_core.shell[0m [1;30mINFO[0m Creating prefix chain script '/Users/czh/Documents/coding/penn/pennair/software team app/ros2_ws/robostack/install/setup.bash'
[0.989s] [34mcolcon.colcon_core.shell[0m [1;30mINFO[0m Creating prefix script '/Users/czh/Documents/coding/penn/pennair/software team app/ros2_ws/robostack/install/local_setup.zsh'
[0.990s] [34mcolcon.colcon_core.shell[0m [1;30mINFO[0m Creating prefix chain script '/Users/czh/Documents/coding/penn/pennair/software team app/ros2_ws/robostack/install/setup.zsh'
